201, New Folder With Items 2/Screenshot 2025-06-22 at 15.29.39.png 
201, Screenshot 2025-07-27 at 01.29.45.png 
201, sss.txt 
201, New Folder With Items 2/New Folder With Items/Screenshot 2025-07-17 at 18.41.42.png 
201, Screenshot 2025-06-22 at 13.01.37.zstd.zip 
201, New Folder With Items 2/New Folder With Items/Screenshot 2025-07-03 at 15.24.46.png 
201, sss2.txt 
201, Screenshot 2025-07-30 at 19.42.16.png 
201, New Folder With Items 2/New Folder With Items/Screenshot 2025-07-19 at 11.57.17.png 
201, Screenshot 2025-06-22 at 13.01.37/Screenshot 2025-06-22 at 13.01.37.png 
201, Screenshot/ 2025-06-14/ at/ 13.59.42.txt 
201, Screenshot 2025-06-14 at 13.47.26.png 
201, New Folder With Items 2/Screenshot 2025-06-28 at 18.14.38.png 
201, Screenshot 2025-08-03 at 03.09.30.png 
201, Screenshot 2025-06-22 at 13.11.54.png 
201, New Folder With Items 2/Screenshot 2025-06-28 at 01.17.14.png 
201, Screenshot 2025-06-22 at 13.10.02.png 
201, Screenshot 2025-06-22 at 13.04.09.png 
201, New Folder With Items/Screenshot 2025-06-04 at 17.41.44.png 
201, Screenshot 2025-06-14 at 12.34.21.png 
201, New Folder With Items/Screenshot 2025-06-02 at 22.56.21.png 
201, Screenshot/.DS_Store 
201, Screenshot 2025-06-19 at 19.24.12.png 
201, Screenshot 2025-07-30 at 19.01.03.png 
201, Screenshot 2025-06-22 at 13.01.37.png 
201, New Folder With Items 2/New Folder With Items/Screenshot 2025-07-02 at 11.15.47.png 
201, Screenshot 2025-07-27 at 01.30.21.png 
201, New Folder With Items/Screenshot 2025-06-04 at 17.59.26.png 
201, New Folder With Items/Screenshot 2025-06-04 at 18.23.04.png 
201, New Folder With Items/Screenshot 2025-06-04 at 18.16.47.png 
201, New Folder With Items 2/Screenshot 2025-07-19 at 12.07.36.png 
201, New Folder With Items 2/Screenshot 2025-07-01 at 11.23.37.png 
201, New Folder With Items 2/Screenshot 2025-06-28 at 01.23.05.png 
201, Screenshot/ 2025-06-14/.DS_Store 
201, New Folder With Items/Screenshot 2025-06-06 at 18.23.07.png 
201, New Folder With Items/Screenshot 2025-04-05 at 19.36.35.png 
201, New Folder With Items 2/Screenshot 2025-06-22 at 15.38.16.png 
201, New Folder With Items 2/New Folder With Items/Screenshot 2025-07-19 at 11.58.33.png 
201, S2.txt 
201, Screenshot 2025-06-07 at 20.23.01.png 
201, S.txt 
201, Screenshot 2025-06-14 at 13.59.42.png 
